2024-01-31 12:38:05.882 [main] INFO  WeatherAppApplication - Starting WeatherAppApplication using Java 20.0.2 with PID 9960 (C:\Users\rogal\IntelliJ-workspace\Projekt\RepoBednarz\zpoif_2023_projekt_pytelm_rogalskak\WeatherApp\target\classes started by rogal in C:\Users\rogal\IntelliJ-workspace\Projekt\RepoBednarz\zpoif_2023_projekt_pytelm_rogalskak\WeatherApp)
2024-01-31 12:38:05.899 [main] INFO  WeatherAppApplication - No active profile set, falling back to 1 default profile: "default"
2024-01-31 12:38:07.139 [main] INFO  TomcatWebServer - Tomcat initialized with port 8080 (http)
2024-01-31 12:38:07.150 [main] INFO  Http11NioProtocol - Initializing ProtocolHandler ["http-nio-8080"]
2024-01-31 12:38:07.152 [main] INFO  StandardService - Starting service [Tomcat]
2024-01-31 12:38:07.152 [main] INFO  StandardEngine - Starting Servlet engine: [Apache Tomcat/10.1.17]
2024-01-31 12:38:07.208 [main] INFO  [/] - Initializing Spring embedded WebApplicationContext
2024-01-31 12:38:07.210 [main] INFO  ServletWebServerApplicationContext - Root WebApplicationContext: initialization completed in 1272 ms
2024-01-31 12:38:07.954 [main] INFO  EndpointLinksResolver - Exposing 1 endpoint(s) beneath base path '/actuator'
2024-01-31 12:38:07.997 [main] INFO  Http11NioProtocol - Starting ProtocolHandler ["http-nio-8080"]
2024-01-31 12:38:08.014 [main] INFO  TomcatWebServer - Tomcat started on port 8080 (http) with context path ''
2024-01-31 12:38:08.027 [main] INFO  WeatherAppApplication - Started WeatherAppApplication in 2.5 seconds (process running for 3.491)
2024-01-31 12:38:37.607 [http-nio-8080-exec-1] INFO  [/] - Initializing Spring DispatcherServlet 'dispatcherServlet'
2024-01-31 12:38:37.607 [http-nio-8080-exec-1] INFO  DispatcherServlet - Initializing Servlet 'dispatcherServlet'
2024-01-31 12:38:37.608 [http-nio-8080-exec-1] INFO  DispatcherServlet - Completed initialization in 1 ms
2024-01-31 12:38:37.643 [http-nio-8080-exec-1] INFO  WeatherRestController - Pomyślnie pobrano parametry
2024-01-31 12:38:39.583 [http-nio-8080-exec-1] INFO  JsonReader - Http connection successful with code:200 Reading Json from url
2024-01-31 12:38:39.799 [http-nio-8080-exec-1] INFO  WeatherService - Main Weather Object created with city: Warszawa
2024-01-31 12:38:41.854 [http-nio-8080-exec-1] INFO  JsonReader - Http connection successful with code:200 Reading Json from url
2024-01-31 12:38:41.886 [http-nio-8080-exec-1] INFO  WeatherService - Main Pollution Object created with lattitude:52.2298
2024-01-31 12:38:41.886 [http-nio-8080-exec-1] INFO  WeatherService - No weather data between given dates
2024-01-31 12:38:42.043 [http-nio-8080-exec-2] ERROR RequestExceptionsHandler - INTERNAL_SERVER_ERROR: No such city
2024-01-31 12:38:46.343 [http-nio-8080-exec-3] INFO  WeatherRestController - Pomyślnie pobrano parametry
2024-01-31 12:38:46.737 [http-nio-8080-exec-3] INFO  JsonReader - Http connection successful with code:200 Reading Json from url
2024-01-31 12:38:46.761 [http-nio-8080-exec-3] INFO  WeatherService - Main Weather Object created with city: Warszawa
2024-01-31 12:38:46.907 [http-nio-8080-exec-3] INFO  JsonReader - Http connection successful with code:200 Reading Json from url
2024-01-31 12:38:46.923 [http-nio-8080-exec-3] INFO  WeatherService - Main Pollution Object created with lattitude:52.2298
2024-01-31 12:38:46.931 [http-nio-8080-exec-3] INFO  WeatherService - No weather data between given dates
2024-01-31 12:38:46.972 [http-nio-8080-exec-4] ERROR RequestExceptionsHandler - INTERNAL_SERVER_ERROR: No such city
2024-01-31 12:39:11.719 [http-nio-8080-exec-5] INFO  WeatherRestController - Pomyślnie pobrano parametry
2024-01-31 12:39:11.966 [http-nio-8080-exec-5] INFO  JsonReader - Http connection successful with code:200 Reading Json from url
2024-01-31 12:39:11.991 [http-nio-8080-exec-5] INFO  WeatherService - Main Weather Object created with city: Warszawa
2024-01-31 12:39:12.056 [http-nio-8080-exec-5] INFO  JsonReader - Http connection successful with code:200 Reading Json from url
2024-01-31 12:39:12.068 [http-nio-8080-exec-5] INFO  WeatherService - Main Pollution Object created with lattitude:52.2298
2024-01-31 12:39:12.090 [http-nio-8080-exec-5] INFO  WeatherService - Weather data shown
2024-01-31 12:39:12.154 [http-nio-8080-exec-6] ERROR RequestExceptionsHandler - INTERNAL_SERVER_ERROR: No such city
2024-01-31 12:39:25.863 [http-nio-8080-exec-7] INFO  WeatherRestController - Pomyślnie pobrano parametry
2024-01-31 12:39:26.044 [http-nio-8080-exec-7] ERROR JsonReader - Http request failed with code: 404 unable to read Json from url
2024-01-31 12:39:26.044 [http-nio-8080-exec-7] ERROR RequestExceptionsHandler - INTERNAL_SERVER_ERROR: No such city
2024-01-31 12:39:26.090 [http-nio-8080-exec-8] ERROR RequestExceptionsHandler - INTERNAL_SERVER_ERROR: No such city
2024-01-31 12:39:33.740 [http-nio-8080-exec-9] INFO  WeatherRestController - Pomyślnie pobrano parametry
2024-01-31 12:39:33.973 [http-nio-8080-exec-9] INFO  JsonReader - Http connection successful with code:200 Reading Json from url
2024-01-31 12:39:33.998 [http-nio-8080-exec-9] INFO  WeatherService - Main Weather Object created with city: Warszawa
2024-01-31 12:39:34.341 [http-nio-8080-exec-9] INFO  JsonReader - Http connection successful with code:200 Reading Json from url
2024-01-31 12:39:34.349 [http-nio-8080-exec-9] INFO  WeatherService - Main Pollution Object created with lattitude:52.2298
2024-01-31 12:39:34.361 [http-nio-8080-exec-9] INFO  WeatherService - Weather data shown
2024-01-31 12:39:34.406 [http-nio-8080-exec-10] ERROR RequestExceptionsHandler - INTERNAL_SERVER_ERROR: No such city
